# JRE version: OpenJDK Runtime Environment (8.0_212-b04) (build 1.8.0_212-release-1586-b04)
# Java VM: OpenJDK 64-Bit Server VM (25.212-b04 mixed mode windows-amd64 compressed oops)
Heap:
 PSYoungGen      total 168960K, used 17123K [0x00000000e0000000, 0x00000000ed180000, 0x0000000100000000)
  eden space 150528K, 0% used [0x00000000e0000000,0x00000000e0000000,0x00000000e9300000)
  from space 18432K, 92% used [0x00000000ea700000,0x00000000eb7b8c30,0x00000000eb900000)
  to   space 20480K, 0% used [0x00000000e9300000,0x00000000e9300000,0x00000000ea700000)
 ParOldGen       total 109056K, used 23273K [0x00000000a0000000, 0x00000000a6a80000, 0x00000000e0000000)
  object space 109056K, 21% used [0x00000000a0000000,0x00000000a16ba478,0x00000000a6a80000)
 Metaspace       used 57108K, capacity 59020K, committed 59096K, reserved 1099776K
  class space    used 7907K, capacity 8333K, committed 8408K, reserved 1048576K
GC Heap History (10 events):
Event: 6.000 GC heap after
Heap after GC invocations=8 (full 1):
 PSYoungGen      total 104960K, used 10147K [0x00000000e0000000, 0x00000000ea500000, 0x0000000100000000)
  eden space 91648K, 0% used [0x00000000e0000000,0x00000000e0000000,0x00000000e5980000)
  from space 13312K, 76% used [0x00000000e5980000,0x00000000e6368c30,0x00000000e6680000)
  to   space 13824K, 0% used [0x00000000e9780000,0x00000000e9780000,0x00000000ea500000)
 ParOldGen       total 73728K, used 15443K [0x00000000a0000000, 0x00000000a4800000, 0x00000000e0000000)
  object space 73728K, 20% used [0x00000000a0000000,0x00000000a0f14c98,0x00000000a4800000)
 Metaspace       used 34642K, capacity 35416K, committed 35456K, reserved 1079296K
  class space    used 4755K, capacity 4959K, committed 4992K, reserved 1048576K
}
Event: 6.000 GC heap before
{Heap before GC invocations=9 (full 2):
 PSYoungGen      total 104960K, used 10147K [0x00000000e0000000, 0x00000000ea500000, 0x0000000100000000)
  eden space 91648K, 0% used [0x00000000e0000000,0x00000000e0000000,0x00000000e5980000)
  from space 13312K, 76% used [0x00000000e5980000,0x00000000e6368c30,0x00000000e6680000)
  to   space 13824K, 0% used [0x00000000e9780000,0x00000000e9780000,0x00000000ea500000)
 ParOldGen       total 73728K, used 15443K [0x00000000a0000000, 0x00000000a4800000, 0x00000000e0000000)
  object space 73728K, 20% used [0x00000000a0000000,0x00000000a0f14c98,0x00000000a4800000)
 Metaspace       used 34642K, capacity 35416K, committed 35456K, reserved 1079296K
  class space    used 4755K, capacity 4959K, committed 4992K, reserved 1048576K
Event: 6.108 GC heap after
Heap after GC invocations=9 (full 2):
 PSYoungGen      total 104960K, used 0K [0x00000000e0000000, 0x00000000ea500000, 0x0000000100000000)
  eden space 91648K, 0% used [0x00000000e0000000,0x00000000e0000000,0x00000000e5980000)
  from space 13312K, 0% used [0x00000000e5980000,0x00000000e5980000,0x00000000e6680000)
  to   space 13824K, 0% used [0x00000000e9780000,0x00000000e9780000,0x00000000ea500000)
 ParOldGen       total 109056K, used 17337K [0x00000000a0000000, 0x00000000a6a80000, 0x00000000e0000000)
  object space 109056K, 15% used [0x00000000a0000000,0x00000000a10ee5a8,0x00000000a6a80000)
 Metaspace       used 34642K, capacity 35416K, committed 35456K, reserved 1079296K
  class space    used 4755K, capacity 4959K, committed 4992K, reserved 1048576K
}
Event: 7.843 GC heap before
{Heap before GC invocations=10 (full 2):
 PSYoungGen      total 104960K, used 91648K [0x00000000e0000000, 0x00000000ea500000, 0x0000000100000000)
  eden space 91648K, 100% used [0x00000000e0000000,0x00000000e5980000,0x00000000e5980000)
  from space 13312K, 0% used [0x00000000e5980000,0x00000000e5980000,0x00000000e6680000)
  to   space 13824K, 0% used [0x00000000e9780000,0x00000000e9780000,0x00000000ea500000)
 ParOldGen       total 109056K, used 17337K [0x00000000a0000000, 0x00000000a6a80000, 0x00000000e0000000)
  object space 109056K, 15% used [0x00000000a0000000,0x00000000a10ee5a8,0x00000000a6a80000)
 Metaspace       used 43851K, capacity 45008K, committed 45184K, reserved 1087488K
  class space    used 5913K, capacity 6188K, committed 6272K, reserved 1048576K
Event: 7.861 GC heap after
Heap after GC invocations=10 (full 2):
 PSYoungGen      total 138240K, used 11694K [0x00000000e0000000, 0x00000000ea300000, 0x0000000100000000)
  eden space 126464K, 0% used [0x00000000e0000000,0x00000000e0000000,0x00000000e7b80000)
  from space 11776K, 99% used [0x00000000e9780000,0x00000000ea2eba80,0x00000000ea300000)
  to   space 14336K, 0% used [0x00000000e8700000,0x00000000e8700000,0x00000000e9500000)
 ParOldGen       total 109056K, used 17345K [0x00000000a0000000, 0x00000000a6a80000, 0x00000000e0000000)
  object space 109056K, 15% used [0x00000000a0000000,0x00000000a10f05a8,0x00000000a6a80000)
 Metaspace       used 43851K, capacity 45008K, committed 45184K, reserved 1087488K
  class space    used 5913K, capacity 6188K, committed 6272K, reserved 1048576K
}
Event: 11.105 GC heap before
{Heap before GC invocations=11 (full 2):
 PSYoungGen      total 138240K, used 138158K [0x00000000e0000000, 0x00000000ea300000, 0x0000000100000000)
  eden space 126464K, 100% used [0x00000000e0000000,0x00000000e7b80000,0x00000000e7b80000)
  from space 11776K, 99% used [0x00000000e9780000,0x00000000ea2eba80,0x00000000ea300000)
  to   space 14336K, 0% used [0x00000000e8700000,0x00000000e8700000,0x00000000e9500000)
 ParOldGen       total 109056K, used 17345K [0x00000000a0000000, 0x00000000a6a80000, 0x00000000e0000000)
  object space 109056K, 15% used [0x00000000a0000000,0x00000000a10f05a8,0x00000000a6a80000)
 Metaspace       used 54766K, capacity 56524K, committed 56704K, reserved 1097728K
  class space    used 7535K, capacity 7951K, committed 8064K, reserved 1048576K
Event: 11.129 GC heap after
Heap after GC invocations=11 (full 2):
 PSYoungGen      total 152576K, used 14324K [0x00000000e0000000, 0x00000000eb900000, 0x0000000100000000)
  eden space 138240K, 0% used [0x00000000e0000000,0x00000000e0000000,0x00000000e8700000)
  from space 14336K, 99% used [0x00000000e8700000,0x00000000e94fd038,0x00000000e9500000)
  to   space 18432K, 0% used [0x00000000ea700000,0x00000000ea700000,0x00000000eb900000)
 ParOldGen       total 109056K, used 23265K [0x00000000a0000000, 0x00000000a6a80000, 0x00000000e0000000)
  object space 109056K, 21% used [0x00000000a0000000,0x00000000a16b8478,0x00000000a6a80000)
 Metaspace       used 54766K, capacity 56524K, committed 56704K, reserved 1097728K
  class space    used 7535K, capacity 7951K, committed 8064K, reserved 1048576K
}
Event: 11.930 GC heap before
{Heap before GC invocations=12 (full 2):
 PSYoungGen      total 152576K, used 59253K [0x00000000e0000000, 0x00000000eb900000, 0x0000000100000000)
  eden space 138240K, 32% used [0x00000000e0000000,0x00000000e2be0470,0x00000000e8700000)
  from space 14336K, 99% used [0x00000000e8700000,0x00000000e94fd038,0x00000000e9500000)
  to   space 18432K, 0% used [0x00000000ea700000,0x00000000ea700000,0x00000000eb900000)
 ParOldGen       total 109056K, used 23265K [0x00000000a0000000, 0x00000000a6a80000, 0x00000000e0000000)
  object space 109056K, 21% used [0x00000000a0000000,0x00000000a16b8478,0x00000000a6a80000)
 Metaspace       used 57108K, capacity 59020K, committed 59096K, reserved 1099776K
  class space    used 7907K, capacity 8333K, committed 8408K, reserved 1048576K
Event: 11.960 GC heap after
Heap after GC invocations=12 (full 2):
 PSYoungGen      total 168960K, used 17123K [0x00000000e0000000, 0x00000000ed180000, 0x0000000100000000)
  eden space 150528K, 0% used [0x00000000e0000000,0x00000000e0000000,0x00000000e9300000)
  from space 18432K, 92% used [0x00000000ea700000,0x00000000eb7b8c30,0x00000000eb900000)
  to   space 20480K, 0% used [0x00000000e9300000,0x00000000e9300000,0x00000000ea700000)
 ParOldGen       total 109056K, used 23273K [0x00000000a0000000, 0x00000000a6a80000, 0x00000000e0000000)
  object space 109056K, 21% used [0x00000000a0000000,0x00000000a16ba478,0x00000000a6a80000)
 Metaspace       used 57108K, capacity 59020K, committed 59096K, reserved 1099776K
  class space    used 7907K, capacity 8333K, committed 8408K, reserved 1048576K
}
Event: 11.960 GC heap before
{Heap before GC invocations=13 (full 3):
 PSYoungGen      total 168960K, used 17123K [0x00000000e0000000, 0x00000000ed180000, 0x0000000100000000)
  eden space 150528K, 0% used [0x00000000e0000000,0x00000000e0000000,0x00000000e9300000)
  from space 18432K, 92% used [0x00000000ea700000,0x00000000eb7b8c30,0x00000000eb900000)
  to   space 20480K, 0% used [0x00000000e9300000,0x00000000e9300000,0x00000000ea700000)
 ParOldGen       total 109056K, used 23273K [0x00000000a0000000, 0x00000000a6a80000, 0x00000000e0000000)
  object space 109056K, 21% used [0x00000000a0000000,0x00000000a16ba478,0x00000000a6a80000)
 Metaspace       used 57108K, capacity 59020K, committed 59096K, reserved 1099776K
  class space    used 7907K, capacity 8333K, committed 8408K, reserved 1048576K

