# JRE version: OpenJDK Runtime Environment (8.0_212-b04) (build 1.8.0_212-release-1586-b04)
# Java VM: OpenJDK 64-Bit Server VM (25.212-b04 mixed mode windows-amd64 compressed oops)
Heap:
 PSYoungGen      total 114176K, used 10293K [0x00000000e0000000, 0x00000000ea300000, 0x0000000100000000)
  eden space 102912K, 0% used [0x00000000e0000000,0x00000000e0000000,0x00000000e6480000)
  from space 11264K, 91% used [0x00000000e6480000,0x00000000e6e8d728,0x00000000e6f80000)
  to   space 12288K, 0% used [0x00000000e9700000,0x00000000e9700000,0x00000000ea300000)
 ParOldGen       total 60416K, used 9645K [0x00000000a0000000, 0x00000000a3b00000, 0x00000000e0000000)
  object space 60416K, 15% used [0x00000000a0000000,0x00000000a096b7a0,0x00000000a3b00000)
 Metaspace       used 34601K, capacity 35398K, committed 35456K, reserved 1079296K
  class space    used 4743K, capacity 4958K, committed 4992K, reserved 1048576K
GC Heap History (10 events):
Event: 6.237 GC heap after
Heap after GC invocations=6 (full 0):
 PSYoungGen      total 75776K, used 8682K [0x00000000e0000000, 0x00000000e5600000, 0x0000000100000000)
  eden space 65024K, 0% used [0x00000000e0000000,0x00000000e0000000,0x00000000e3f80000)
  from space 10752K, 80% used [0x00000000e4a80000,0x00000000e52fab70,0x00000000e5500000)
  to   space 11264K, 0% used [0x00000000e3f80000,0x00000000e3f80000,0x00000000e4a80000)
 ParOldGen       total 86016K, used 7957K [0x00000000a0000000, 0x00000000a5400000, 0x00000000e0000000)
  object space 86016K, 9% used [0x00000000a0000000,0x00000000a07c5500,0x00000000a5400000)
 Metaspace       used 20590K, capacity 21166K, committed 21296K, reserved 1067008K
  class space    used 2957K, capacity 3133K, committed 3200K, reserved 1048576K
}
Event: 6.237 GC heap before
{Heap before GC invocations=7 (full 1):
 PSYoungGen      total 75776K, used 8682K [0x00000000e0000000, 0x00000000e5600000, 0x0000000100000000)
  eden space 65024K, 0% used [0x00000000e0000000,0x00000000e0000000,0x00000000e3f80000)
  from space 10752K, 80% used [0x00000000e4a80000,0x00000000e52fab70,0x00000000e5500000)
  to   space 11264K, 0% used [0x00000000e3f80000,0x00000000e3f80000,0x00000000e4a80000)
 ParOldGen       total 86016K, used 7957K [0x00000000a0000000, 0x00000000a5400000, 0x00000000e0000000)
  object space 86016K, 9% used [0x00000000a0000000,0x00000000a07c5500,0x00000000a5400000)
 Metaspace       used 20590K, capacity 21166K, committed 21296K, reserved 1067008K
  class space    used 2957K, capacity 3133K, committed 3200K, reserved 1048576K
Event: 6.295 GC heap after
Heap after GC invocations=7 (full 1):
 PSYoungGen      total 75776K, used 0K [0x00000000e0000000, 0x00000000e5600000, 0x0000000100000000)
  eden space 65024K, 0% used [0x00000000e0000000,0x00000000e0000000,0x00000000e3f80000)
  from space 10752K, 0% used [0x00000000e4a80000,0x00000000e4a80000,0x00000000e5500000)
  to   space 11264K, 0% used [0x00000000e3f80000,0x00000000e3f80000,0x00000000e4a80000)
 ParOldGen       total 60416K, used 9621K [0x00000000a0000000, 0x00000000a3b00000, 0x00000000e0000000)
  object space 60416K, 15% used [0x00000000a0000000,0x00000000a09657a0,0x00000000a3b00000)
 Metaspace       used 20590K, capacity 21166K, committed 21296K, reserved 1067008K
  class space    used 2957K, capacity 3133K, committed 3200K, reserved 1048576K
}
Event: 7.711 GC heap before
{Heap before GC invocations=8 (full 1):
 PSYoungGen      total 75776K, used 65024K [0x00000000e0000000, 0x00000000e5600000, 0x0000000100000000)
  eden space 65024K, 100% used [0x00000000e0000000,0x00000000e3f80000,0x00000000e3f80000)
  from space 10752K, 0% used [0x00000000e4a80000,0x00000000e4a80000,0x00000000e5500000)
  to   space 11264K, 0% used [0x00000000e3f80000,0x00000000e3f80000,0x00000000e4a80000)
 ParOldGen       total 60416K, used 9621K [0x00000000a0000000, 0x00000000a3b00000, 0x00000000e0000000)
  object space 60416K, 15% used [0x00000000a0000000,0x00000000a09657a0,0x00000000a3b00000)
 Metaspace       used 29081K, capacity 29612K, committed 29952K, reserved 1075200K
  class space    used 3903K, capacity 4067K, committed 4096K, reserved 1048576K
Event: 7.727 GC heap after
Heap after GC invocations=8 (full 1):
 PSYoungGen      total 76288K, used 8047K [0x00000000e0000000, 0x00000000e7a80000, 0x0000000100000000)
  eden space 65024K, 0% used [0x00000000e0000000,0x00000000e0000000,0x00000000e3f80000)
  from space 11264K, 71% used [0x00000000e3f80000,0x00000000e475bd78,0x00000000e4a80000)
  to   space 11264K, 0% used [0x00000000e6f80000,0x00000000e6f80000,0x00000000e7a80000)
 ParOldGen       total 60416K, used 9629K [0x00000000a0000000, 0x00000000a3b00000, 0x00000000e0000000)
  object space 60416K, 15% used [0x00000000a0000000,0x00000000a09677a0,0x00000000a3b00000)
 Metaspace       used 29081K, capacity 29612K, committed 29952K, reserved 1075200K
  class space    used 3903K, capacity 4067K, committed 4096K, reserved 1048576K
}
Event: 8.948 GC heap before
{Heap before GC invocations=9 (full 1):
 PSYoungGen      total 76288K, used 73071K [0x00000000e0000000, 0x00000000e7a80000, 0x0000000100000000)
  eden space 65024K, 100% used [0x00000000e0000000,0x00000000e3f80000,0x00000000e3f80000)
  from space 11264K, 71% used [0x00000000e3f80000,0x00000000e475bd78,0x00000000e4a80000)
  to   space 11264K, 0% used [0x00000000e6f80000,0x00000000e6f80000,0x00000000e7a80000)
 ParOldGen       total 60416K, used 9629K [0x00000000a0000000, 0x00000000a3b00000, 0x00000000e0000000)
  object space 60416K, 15% used [0x00000000a0000000,0x00000000a09677a0,0x00000000a3b00000)
 Metaspace       used 32041K, capacity 32656K, committed 32768K, reserved 1077248K
  class space    used 4383K, capacity 4591K, committed 4608K, reserved 1048576K
Event: 8.984 GC heap after
Heap after GC invocations=9 (full 1):
 PSYoungGen      total 114176K, used 8259K [0x00000000e0000000, 0x00000000e7e80000, 0x0000000100000000)
  eden space 102912K, 0% used [0x00000000e0000000,0x00000000e0000000,0x00000000e6480000)
  from space 11264K, 73% used [0x00000000e6f80000,0x00000000e7790d08,0x00000000e7a80000)
  to   space 11264K, 0% used [0x00000000e6480000,0x00000000e6480000,0x00000000e6f80000)
 ParOldGen       total 60416K, used 9637K [0x00000000a0000000, 0x00000000a3b00000, 0x00000000e0000000)
  object space 60416K, 15% used [0x00000000a0000000,0x00000000a09697a0,0x00000000a3b00000)
 Metaspace       used 32041K, capacity 32656K, committed 32768K, reserved 1077248K
  class space    used 4383K, capacity 4591K, committed 4608K, reserved 1048576K
}
Event: 10.216 GC heap before
{Heap before GC invocations=10 (full 1):
 PSYoungGen      total 114176K, used 69134K [0x00000000e0000000, 0x00000000e7e80000, 0x0000000100000000)
  eden space 102912K, 59% used [0x00000000e0000000,0x00000000e3b72bc0,0x00000000e6480000)
  from space 11264K, 73% used [0x00000000e6f80000,0x00000000e7790d08,0x00000000e7a80000)
  to   space 11264K, 0% used [0x00000000e6480000,0x00000000e6480000,0x00000000e6f80000)
 ParOldGen       total 60416K, used 9637K [0x00000000a0000000, 0x00000000a3b00000, 0x00000000e0000000)
  object space 60416K, 15% used [0x00000000a0000000,0x00000000a09697a0,0x00000000a3b00000)
 Metaspace       used 34601K, capacity 35398K, committed 35456K, reserved 1079296K
  class space    used 4743K, capacity 4958K, committed 4992K, reserved 1048576K
Event: 10.234 GC heap after
Heap after GC invocations=10 (full 1):
 PSYoungGen      total 114176K, used 10293K [0x00000000e0000000, 0x00000000ea300000, 0x0000000100000000)
  eden space 102912K, 0% used [0x00000000e0000000,0x00000000e0000000,0x00000000e6480000)
  from space 11264K, 91% used [0x00000000e6480000,0x00000000e6e8d728,0x00000000e6f80000)
  to   space 12288K, 0% used [0x00000000e9700000,0x00000000e9700000,0x00000000ea300000)
 ParOldGen       total 60416K, used 9645K [0x00000000a0000000, 0x00000000a3b00000, 0x00000000e0000000)
  object space 60416K, 15% used [0x00000000a0000000,0x00000000a096b7a0,0x00000000a3b00000)
 Metaspace       used 34601K, capacity 35398K, committed 35456K, reserved 1079296K
  class space    used 4743K, capacity 4958K, committed 4992K, reserved 1048576K
}
Event: 10.234 GC heap before
{Heap before GC invocations=11 (full 2):
 PSYoungGen      total 114176K, used 10293K [0x00000000e0000000, 0x00000000ea300000, 0x0000000100000000)
  eden space 102912K, 0% used [0x00000000e0000000,0x00000000e0000000,0x00000000e6480000)
  from space 11264K, 91% used [0x00000000e6480000,0x00000000e6e8d728,0x00000000e6f80000)
  to   space 12288K, 0% used [0x00000000e9700000,0x00000000e9700000,0x00000000ea300000)
 ParOldGen       total 60416K, used 9645K [0x00000000a0000000, 0x00000000a3b00000, 0x00000000e0000000)
  object space 60416K, 15% used [0x00000000a0000000,0x00000000a096b7a0,0x00000000a3b00000)
 Metaspace       used 34601K, capacity 35398K, committed 35456K, reserved 1079296K
  class space    used 4743K, capacity 4958K, committed 4992K, reserved 1048576K

